.\Debug\ppq_sym.bsc
.\Debug\ppq_sym.ilk
.\Debug\ppq_sym.pdb
E:\刘健冉\多目视觉\记录视觉结果V23（非阻塞,三目）\记录视觉结果V19（非阻塞）\记录视觉结果V17\记录视觉结果V3\.\Debug\ppq_sym.exe
E:\刘健冉\多目视觉\记录视觉结果V23（非阻塞,三目）\记录视觉结果V19（非阻塞）\记录视觉结果V17\记录视觉结果V3\.\Debug\ppq_sym.exe.intermediate.manifest
E:\刘健冉\多目视觉\记录视觉结果V23（非阻塞,三目）\记录视觉结果V19（非阻塞）\记录视觉结果V17\记录视觉结果V3\.\Debug\ppq_sym.exe.manifest
E:\刘健冉\多目视觉\记录视觉结果V23（非阻塞,三目）\记录视觉结果V19（非阻塞）\记录视觉结果V17\记录视觉结果V3\Debug\BscMake.command.1.tlog
E:\刘健冉\多目视觉\记录视觉结果V23（非阻塞,三目）\记录视觉结果V19（非阻塞）\记录视觉结果V17\记录视觉结果V3\Debug\bscmake.read.1.tlog
E:\刘健冉\多目视觉\记录视觉结果V23（非阻塞,三目）\记录视觉结果V19（非阻塞）\记录视觉结果V17\记录视觉结果V3\Debug\bscmake.write.1.tlog
E:\刘健冉\多目视觉\记录视觉结果V23（非阻塞,三目）\记录视觉结果V19（非阻塞）\记录视觉结果V17\记录视觉结果V3\DEBUG\CAM3D.OBJ
E:\刘健冉\多目视觉\记录视觉结果V23（非阻塞,三目）\记录视觉结果V19（非阻塞）\记录视觉结果V17\记录视觉结果V3\DEBUG\CAM3D.SBR
E:\刘健冉\多目视觉\记录视觉结果V23（非阻塞,三目）\记录视觉结果V19（非阻塞）\记录视觉结果V17\记录视觉结果V3\DEBUG\CAMER.OBJ
E:\刘健冉\多目视觉\记录视觉结果V23（非阻塞,三目）\记录视觉结果V19（非阻塞）\记录视觉结果V17\记录视觉结果V3\DEBUG\CAMER.SBR
E:\刘健冉\多目视觉\记录视觉结果V23（非阻塞,三目）\记录视觉结果V19（非阻塞）\记录视觉结果V17\记录视觉结果V3\Debug\cl.command.1.tlog
E:\刘健冉\多目视觉\记录视觉结果V23（非阻塞,三目）\记录视觉结果V19（非阻塞）\记录视觉结果V17\记录视觉结果V3\Debug\CL.read.1.tlog
E:\刘健冉\多目视觉\记录视觉结果V23（非阻塞,三目）\记录视觉结果V19（非阻塞）\记录视觉结果V17\记录视觉结果V3\Debug\CL.write.1.tlog
E:\刘健冉\多目视觉\记录视觉结果V23（非阻塞,三目）\记录视觉结果V19（非阻塞）\记录视觉结果V17\记录视觉结果V3\DEBUG\CROBOTARM.OBJ
E:\刘健冉\多目视觉\记录视觉结果V23（非阻塞,三目）\记录视觉结果V19（非阻塞）\记录视觉结果V17\记录视觉结果V3\DEBUG\CROBOTARM.SBR
E:\刘健冉\多目视觉\记录视觉结果V23（非阻塞,三目）\记录视觉结果V19（非阻塞）\记录视觉结果V17\记录视觉结果V3\DEBUG\GLOBLESROUCE.OBJ
E:\刘健冉\多目视觉\记录视觉结果V23（非阻塞,三目）\记录视觉结果V19（非阻塞）\记录视觉结果V17\记录视觉结果V3\DEBUG\GLOBLESROUCE.SBR
E:\刘健冉\多目视觉\记录视觉结果V23（非阻塞,三目）\记录视觉结果V19（非阻塞）\记录视觉结果V17\记录视觉结果V3\Debug\link.4548.read.1.tlog
E:\刘健冉\多目视觉\记录视觉结果V23（非阻塞,三目）\记录视觉结果V19（非阻塞）\记录视觉结果V17\记录视觉结果V3\Debug\link.4548.write.1.tlog
E:\刘健冉\多目视觉\记录视觉结果V23（非阻塞,三目）\记录视觉结果V19（非阻塞）\记录视觉结果V17\记录视觉结果V3\Debug\link.command.1.tlog
E:\刘健冉\多目视觉\记录视觉结果V23（非阻塞,三目）\记录视觉结果V19（非阻塞）\记录视觉结果V17\记录视觉结果V3\Debug\link.read.1.tlog
E:\刘健冉\多目视觉\记录视觉结果V23（非阻塞,三目）\记录视觉结果V19（非阻塞）\记录视觉结果V17\记录视觉结果V3\Debug\link.write.1.tlog
E:\刘健冉\多目视觉\记录视觉结果V23（非阻塞,三目）\记录视觉结果V19（非阻塞）\记录视觉结果V17\记录视觉结果V3\DEBUG\MAIN.OBJ
E:\刘健冉\多目视觉\记录视觉结果V23（非阻塞,三目）\记录视觉结果V19（非阻塞）\记录视觉结果V17\记录视觉结果V3\DEBUG\MAIN.SBR
E:\刘健冉\多目视觉\记录视觉结果V23（非阻塞,三目）\记录视觉结果V19（非阻塞）\记录视觉结果V17\记录视觉结果V3\Debug\mt.command.1.tlog
E:\刘健冉\多目视觉\记录视觉结果V23（非阻塞,三目）\记录视觉结果V19（非阻塞）\记录视觉结果V17\记录视觉结果V3\Debug\mt.read.1.tlog
E:\刘健冉\多目视觉\记录视觉结果V23（非阻塞,三目）\记录视觉结果V19（非阻塞）\记录视觉结果V17\记录视觉结果V3\Debug\mt.write.1.tlog
E:\刘健冉\多目视觉\记录视觉结果V23（非阻塞,三目）\记录视觉结果V19（非阻塞）\记录视觉结果V17\记录视觉结果V3\DEBUG\PPQ_SYM.BSC
E:\刘健冉\多目视觉\记录视觉结果V23（非阻塞,三目）\记录视觉结果V19（非阻塞）\记录视觉结果V17\记录视觉结果V3\DEBUG\PPQ_SYM.EXE
E:\刘健冉\多目视觉\记录视觉结果V23（非阻塞,三目）\记录视觉结果V19（非阻塞）\记录视觉结果V17\记录视觉结果V3\DEBUG\PPQ_SYM.EXE.INTERMEDIATE.MANIFEST
E:\刘健冉\多目视觉\记录视觉结果V23（非阻塞,三目）\记录视觉结果V19（非阻塞）\记录视觉结果V17\记录视觉结果V3\DEBUG\PPQ_SYM.EXE.MANIFEST
E:\刘健冉\多目视觉\记录视觉结果V23（非阻塞,三目）\记录视觉结果V19（非阻塞）\记录视觉结果V17\记录视觉结果V3\DEBUG\PPQ_SYM.ILK
E:\刘健冉\多目视觉\记录视觉结果V23（非阻塞,三目）\记录视觉结果V19（非阻塞）\记录视觉结果V17\记录视觉结果V3\DEBUG\PPQ_SYM.PDB
E:\刘健冉\多目视觉\记录视觉结果V23（非阻塞,三目）\记录视觉结果V19（非阻塞）\记录视觉结果V17\记录视觉结果V3\Debug\vc100.idb
E:\刘健冉\多目视觉\记录视觉结果V23（非阻塞,三目）\记录视觉结果V19（非阻塞）\记录视觉结果V17\记录视觉结果V3\DEBUG\VC100.PDB
