Build started 2015/6/2 15:59:22.
     1>Project "C:\Users\DELL\Documents\GitHub\ppqVsion\记录视觉结果V3\ppq_sym.vcxproj" on node 2 (Build target(s)).
     1>ClCompile:
         D:\Program Files\Microsoft Visual Studio 12.0\VC\bin\CL.exe /c /ZI /nologo /W3 /WX- /Od /Oy- /D WIN32 /D _DEBUG /D _CONSOLE /D _VC80_UPGRADE=0x0600 /D _MBCS /Gm /EHsc /RTC1 /MTd /GS /Gy- /fp:precise /Zc:wchar_t /Zc:forScope /Fo".\Debug\\" /Fd".\Debug\vc120.pdb" /FR".\Debug\\" /Gd /TP /analyze- /errorReport:prompt cRobotArm.cpp main.cpp
         main.cpp
     1>c:\users\dell\documents\github\ppqvsion\记录视觉结果v3\main.cpp(63): warning C4101: 'hitPoint' : unreferenced local variable
     1>c:\users\dell\documents\github\ppqvsion\记录视觉结果v3\main.cpp(56): warning C4101: 't_c' : unreferenced local variable
     1>c:\users\dell\documents\github\ppqvsion\记录视觉结果v3\main.cpp(69): warning C4101: 't_2' : unreferenced local variable
     1>c:\users\dell\documents\github\ppqvsion\记录视觉结果v3\main.cpp(69): warning C4101: 't_1' : unreferenced local variable
     1>c:\users\dell\documents\github\ppqvsion\记录视觉结果v3\main.cpp(60): warning C4101: 'ballModel' : unreferenced local variable
     1>c:\users\dell\documents\github\ppqvsion\记录视觉结果v3\main.cpp(65): warning C4101: 'ballHit' : unreferenced local variable
         Generating Code...
         Skipping... (no relevant changes detected)
         cRobotArm.cpp
       Link:
         D:\Program Files\Microsoft Visual Studio 12.0\VC\bin\link.exe /ERRORREPORT:PROMPT /OUT:".\Debug\ppq_sym.exe" /INCREMENTAL /NOLOGO odbc32.lib odbccp32.lib "libgsl-0.lib" "libgslcblas-0.lib" "libnlopt-0.lib" libmygsl.lib kernel32.lib user32.lib gdi32.lib winspool.lib comdlg32.lib advapi32.lib shell32.lib ole32.lib oleaut32.lib uuid.lib odbc32.lib odbccp32.lib /MANIFEST /ManifestFile:".\Debug\ppq_sym.exe.intermediate.manifest" /MANIFESTUAC:"level='asInvoker' uiAccess='false'" /DEBUG /PDB:".\Debug\ppq_sym.pdb" /SUBSYSTEM:CONSOLE /TLBID:1 /DYNAMICBASE /NXCOMPAT /IMPLIB:".\Debug\ppq_sym.lib" /MACHINE:X86 /SAFESEH .\Debug\cRobotArm.obj
         .\Debug\Cam3D.obj
         .\Debug\camer.obj
         .\Debug\GlobleSrouce.obj
         .\Debug\main.obj
     1>cRobotArm.obj : warning LNK4075: ignoring '/EDITANDCONTINUE' due to '/SAFESEH' specification
         ppq_sym.vcxproj -> C:\Users\DELL\Documents\GitHub\ppqVsion\记录视觉结果V3\.\Debug\ppq_sym.exe
       Manifest:
         C:\Program Files\Windows Kits\8.1\bin\x86\mt.exe /nologo /verbose /out:"C:\Users\DELL\Documents\GitHub\ppqVsion\记录视觉结果V3\.\Debug\ppq_sym.exe.manifest" /manifest .\Debug\ppq_sym.exe.intermediate.manifest
     1>Done Building Project "C:\Users\DELL\Documents\GitHub\ppqVsion\记录视觉结果V3\ppq_sym.vcxproj" (Build target(s)).

Build succeeded.

Time Elapsed 00:00:01.13
