e:\刘健冉\多目视觉\记录视觉结果v23（非阻塞,三目）\记录视觉结果v19（非阻塞）\记录视觉结果v17\记录视觉结果v3\debug\ppq_sym.bsc
e:\刘健冉\多目视觉\记录视觉结果v23（两套双目）\记录视觉结果v19（非阻塞）\记录视觉结果v17\记录视觉结果v3\debug\ppq_sym.bsc
e:\刘健冉\存档\记录视觉结果v25（两套双目-新标定-可打球）\记录视觉结果v23（两套双目）\记录视觉结果v19（非阻塞）\记录视觉结果v17\记录视觉结果v3\debug\ppq_sym.bsc
e:\刘健冉\多目视觉\记录视觉结果v23（非阻塞,三目）\记录视觉结果v19（非阻塞）\记录视觉结果v17\记录视觉结果v3\debug\globlesrouce.sbr
e:\刘健冉\多目视觉\记录视觉结果v23（非阻塞,三目）\记录视觉结果v19（非阻塞）\记录视觉结果v17\记录视觉结果v3\debug\camer.sbr
e:\刘健冉\多目视觉\记录视觉结果v23（非阻塞,三目）\记录视觉结果v19（非阻塞）\记录视觉结果v17\记录视觉结果v3\debug\cam3d.sbr
e:\刘健冉\多目视觉\记录视觉结果v23（非阻塞,三目）\记录视觉结果v19（非阻塞）\记录视觉结果v17\记录视觉结果v3\debug\crobotarm.sbr
e:\刘健冉\多目视觉\记录视觉结果v23（非阻塞,三目）\记录视觉结果v19（非阻塞）\记录视觉结果v17\记录视觉结果v3\debug\crobotarm.obj
e:\刘健冉\多目视觉\记录视觉结果v23（非阻塞,三目）\记录视觉结果v19（非阻塞）\记录视觉结果v17\记录视觉结果v3\debug\cam3d.obj
e:\刘健冉\多目视觉\记录视觉结果v23（非阻塞,三目）\记录视觉结果v19（非阻塞）\记录视觉结果v17\记录视觉结果v3\debug\camer.obj
e:\刘健冉\多目视觉\记录视觉结果v23（非阻塞,三目）\记录视觉结果v19（非阻塞）\记录视觉结果v17\记录视觉结果v3\debug\globlesrouce.obj
e:\刘健冉\多目视觉\记录视觉结果v23（非阻塞,三目）\记录视觉结果v19（非阻塞）\记录视觉结果v17\记录视觉结果v3\debug\vc100.pdb
e:\刘健冉\多目视觉\记录视觉结果v23（非阻塞,三目）\记录视觉结果v19（非阻塞）\记录视觉结果v17\记录视觉结果v3\debug\main.sbr
e:\刘健冉\多目视觉\记录视觉结果v23（非阻塞,三目）\记录视觉结果v19（非阻塞）\记录视觉结果v17\记录视觉结果v3\debug\main.obj
e:\刘健冉\多目视觉\记录视觉结果v23（两套双目）\记录视觉结果v19（非阻塞）\记录视觉结果v17\记录视觉结果v3\debug\main.sbr
e:\刘健冉\多目视觉\记录视觉结果v23（两套双目）\记录视觉结果v19（非阻塞）\记录视觉结果v17\记录视觉结果v3\debug\globlesrouce.sbr
e:\刘健冉\多目视觉\记录视觉结果v23（两套双目）\记录视觉结果v19（非阻塞）\记录视觉结果v17\记录视觉结果v3\debug\camer.sbr
e:\刘健冉\多目视觉\记录视觉结果v23（两套双目）\记录视觉结果v19（非阻塞）\记录视觉结果v17\记录视觉结果v3\debug\cam3d.sbr
e:\刘健冉\多目视觉\记录视觉结果v23（两套双目）\记录视觉结果v19（非阻塞）\记录视觉结果v17\记录视觉结果v3\debug\crobotarm.sbr
e:\刘健冉\多目视觉\记录视觉结果v23（两套双目）\记录视觉结果v19（非阻塞）\记录视觉结果v17\记录视觉结果v3\debug\crobotarm.obj
e:\刘健冉\多目视觉\记录视觉结果v23（两套双目）\记录视觉结果v19（非阻塞）\记录视觉结果v17\记录视觉结果v3\debug\cam3d.obj
e:\刘健冉\多目视觉\记录视觉结果v23（两套双目）\记录视觉结果v19（非阻塞）\记录视觉结果v17\记录视觉结果v3\debug\camer.obj
e:\刘健冉\多目视觉\记录视觉结果v23（两套双目）\记录视觉结果v19（非阻塞）\记录视觉结果v17\记录视觉结果v3\debug\globlesrouce.obj
e:\刘健冉\多目视觉\记录视觉结果v23（两套双目）\记录视觉结果v19（非阻塞）\记录视觉结果v17\记录视觉结果v3\debug\main.obj
e:\刘健冉\多目视觉\记录视觉结果v23（两套双目）\记录视觉结果v19（非阻塞）\记录视觉结果v17\记录视觉结果v3\debug\vc100.pdb
e:\刘健冉\存档\记录视觉结果v25（两套双目-新标定-可打球）\记录视觉结果v23（两套双目）\记录视觉结果v19（非阻塞）\记录视觉结果v17\记录视觉结果v3\debug\main.sbr
e:\刘健冉\存档\记录视觉结果v25（两套双目-新标定-可打球）\记录视觉结果v23（两套双目）\记录视觉结果v19（非阻塞）\记录视觉结果v17\记录视觉结果v3\debug\globlesrouce.sbr
e:\刘健冉\存档\记录视觉结果v25（两套双目-新标定-可打球）\记录视觉结果v23（两套双目）\记录视觉结果v19（非阻塞）\记录视觉结果v17\记录视觉结果v3\debug\camer.sbr
e:\刘健冉\存档\记录视觉结果v25（两套双目-新标定-可打球）\记录视觉结果v23（两套双目）\记录视觉结果v19（非阻塞）\记录视觉结果v17\记录视觉结果v3\debug\cam3d.sbr
e:\刘健冉\存档\记录视觉结果v25（两套双目-新标定-可打球）\记录视觉结果v23（两套双目）\记录视觉结果v19（非阻塞）\记录视觉结果v17\记录视觉结果v3\debug\crobotarm.sbr
e:\刘健冉\存档\记录视觉结果v25（两套双目-新标定-可打球）\记录视觉结果v23（两套双目）\记录视觉结果v19（非阻塞）\记录视觉结果v17\记录视觉结果v3\debug\crobotarm.obj
e:\刘健冉\存档\记录视觉结果v25（两套双目-新标定-可打球）\记录视觉结果v23（两套双目）\记录视觉结果v19（非阻塞）\记录视觉结果v17\记录视觉结果v3\debug\cam3d.obj
e:\刘健冉\存档\记录视觉结果v25（两套双目-新标定-可打球）\记录视觉结果v23（两套双目）\记录视觉结果v19（非阻塞）\记录视觉结果v17\记录视觉结果v3\debug\camer.obj
e:\刘健冉\存档\记录视觉结果v25（两套双目-新标定-可打球）\记录视觉结果v23（两套双目）\记录视觉结果v19（非阻塞）\记录视觉结果v17\记录视觉结果v3\debug\globlesrouce.obj
e:\刘健冉\存档\记录视觉结果v25（两套双目-新标定-可打球）\记录视觉结果v23（两套双目）\记录视觉结果v19（非阻塞）\记录视觉结果v17\记录视觉结果v3\debug\main.obj
e:\刘健冉\存档\记录视觉结果v25（两套双目-新标定-可打球）\记录视觉结果v23（两套双目）\记录视觉结果v19（非阻塞）\记录视觉结果v17\记录视觉结果v3\debug\vc100.pdb
e:\刘健冉\多目视觉\记录视觉结果v23（非阻塞,三目）\记录视觉结果v19（非阻塞）\记录视觉结果v17\记录视觉结果v3\debug\ppq_sym.ilk
e:\刘健冉\多目视觉\记录视觉结果v23（非阻塞,三目）\记录视觉结果v19（非阻塞）\记录视觉结果v17\记录视觉结果v3\debug\ppq_sym.exe
e:\刘健冉\多目视觉\记录视觉结果v23（非阻塞,三目）\记录视觉结果v19（非阻塞）\记录视觉结果v17\记录视觉结果v3\debug\ppq_sym.exe.intermediate.manifest
e:\刘健冉\多目视觉\记录视觉结果v23（非阻塞,三目）\记录视觉结果v19（非阻塞）\记录视觉结果v17\记录视觉结果v3\debug\ppq_sym.pdb
e:\刘健冉\多目视觉\记录视觉结果v23（两套双目）\记录视觉结果v19（非阻塞）\记录视觉结果v17\记录视觉结果v3\debug\ppq_sym.ilk
e:\刘健冉\多目视觉\记录视觉结果v23（两套双目）\记录视觉结果v19（非阻塞）\记录视觉结果v17\记录视觉结果v3\debug\ppq_sym.exe
e:\刘健冉\多目视觉\记录视觉结果v23（两套双目）\记录视觉结果v19（非阻塞）\记录视觉结果v17\记录视觉结果v3\debug\ppq_sym.exe.intermediate.manifest
e:\刘健冉\多目视觉\记录视觉结果v23（两套双目）\记录视觉结果v19（非阻塞）\记录视觉结果v17\记录视觉结果v3\debug\ppq_sym.pdb
e:\刘健冉\存档\记录视觉结果v25（两套双目-新标定-可打球）\记录视觉结果v23（两套双目）\记录视觉结果v19（非阻塞）\记录视觉结果v17\记录视觉结果v3\debug\ppq_sym.ilk
e:\刘健冉\存档\记录视觉结果v25（两套双目-新标定-可打球）\记录视觉结果v23（两套双目）\记录视觉结果v19（非阻塞）\记录视觉结果v17\记录视觉结果v3\debug\ppq_sym.exe
e:\刘健冉\存档\记录视觉结果v25（两套双目-新标定-可打球）\记录视觉结果v23（两套双目）\记录视觉结果v19（非阻塞）\记录视觉结果v17\记录视觉结果v3\debug\ppq_sym.exe.intermediate.manifest
e:\刘健冉\存档\记录视觉结果v25（两套双目-新标定-可打球）\记录视觉结果v23（两套双目）\记录视觉结果v19（非阻塞）\记录视觉结果v17\记录视觉结果v3\debug\ppq_sym.pdb
e:\刘健冉\多目视觉\记录视觉结果v23（非阻塞,三目）\记录视觉结果v19（非阻塞）\记录视觉结果v17\记录视觉结果v3\debug\ppq_sym.exe.manifest
c:\users\dell\documents\github\ppqvsion\记录视觉结果v3\debug\cam3d.obj
c:\users\dell\documents\github\ppqvsion\记录视觉结果v3\debug\camer.obj
c:\users\dell\documents\github\ppqvsion\记录视觉结果v3\debug\crobotarm.obj
c:\users\dell\documents\github\ppqvsion\记录视觉结果v3\debug\globlesrouce.obj
c:\users\dell\documents\github\ppqvsion\记录视觉结果v3\debug\main.obj
c:\users\dell\documents\github\ppqvsion\记录视觉结果v3\debug\ppq_sym.ilk
c:\users\dell\documents\github\ppqvsion\记录视觉结果v3\debug\bscmake.command.1.tlog
c:\users\dell\documents\github\ppqvsion\记录视觉结果v3\debug\bscmake.read.1.tlog
c:\users\dell\documents\github\ppqvsion\记录视觉结果v3\debug\bscmake.write.1.tlog
c:\users\dell\documents\github\ppqvsion\记录视觉结果v3\debug\cl.command.1.tlog
c:\users\dell\documents\github\ppqvsion\记录视觉结果v3\debug\cl.read.1.tlog
c:\users\dell\documents\github\ppqvsion\记录视觉结果v3\debug\cl.write.1.tlog
c:\users\dell\documents\github\ppqvsion\记录视觉结果v3\debug\link.2244.read.1.tlog
c:\users\dell\documents\github\ppqvsion\记录视觉结果v3\debug\link.2244.write.1.tlog
c:\users\dell\documents\github\ppqvsion\记录视觉结果v3\debug\link.3080.read.1.tlog
c:\users\dell\documents\github\ppqvsion\记录视觉结果v3\debug\link.3080.write.1.tlog
c:\users\dell\documents\github\ppqvsion\记录视觉结果v3\debug\link.3700.read.1.tlog
c:\users\dell\documents\github\ppqvsion\记录视觉结果v3\debug\link.3700.write.1.tlog
c:\users\dell\documents\github\ppqvsion\记录视觉结果v3\debug\link.3880.read.1.tlog
c:\users\dell\documents\github\ppqvsion\记录视觉结果v3\debug\link.3880.write.1.tlog
c:\users\dell\documents\github\ppqvsion\记录视觉结果v3\debug\link.3956.read.1.tlog
c:\users\dell\documents\github\ppqvsion\记录视觉结果v3\debug\link.3956.write.1.tlog
c:\users\dell\documents\github\ppqvsion\记录视觉结果v3\debug\link.4336.read.1.tlog
c:\users\dell\documents\github\ppqvsion\记录视觉结果v3\debug\link.4336.write.1.tlog
c:\users\dell\documents\github\ppqvsion\记录视觉结果v3\debug\link.4444.read.1.tlog
c:\users\dell\documents\github\ppqvsion\记录视觉结果v3\debug\link.4444.write.1.tlog
c:\users\dell\documents\github\ppqvsion\记录视觉结果v3\debug\link.4656.read.1.tlog
c:\users\dell\documents\github\ppqvsion\记录视觉结果v3\debug\link.4656.write.1.tlog
c:\users\dell\documents\github\ppqvsion\记录视觉结果v3\debug\link.4880.read.1.tlog
c:\users\dell\documents\github\ppqvsion\记录视觉结果v3\debug\link.4880.write.1.tlog
c:\users\dell\documents\github\ppqvsion\记录视觉结果v3\debug\link.4948.read.1.tlog
c:\users\dell\documents\github\ppqvsion\记录视觉结果v3\debug\link.4948.write.1.tlog
c:\users\dell\documents\github\ppqvsion\记录视觉结果v3\debug\link.5088.read.1.tlog
c:\users\dell\documents\github\ppqvsion\记录视觉结果v3\debug\link.5088.write.1.tlog
c:\users\dell\documents\github\ppqvsion\记录视觉结果v3\debug\link.5124.read.1.tlog
c:\users\dell\documents\github\ppqvsion\记录视觉结果v3\debug\link.5124.write.1.tlog
c:\users\dell\documents\github\ppqvsion\记录视觉结果v3\debug\link.568.read.1.tlog
c:\users\dell\documents\github\ppqvsion\记录视觉结果v3\debug\link.568.write.1.tlog
c:\users\dell\documents\github\ppqvsion\记录视觉结果v3\debug\link.5724.read.1.tlog
c:\users\dell\documents\github\ppqvsion\记录视觉结果v3\debug\link.5724.write.1.tlog
c:\users\dell\documents\github\ppqvsion\记录视觉结果v3\debug\link.5780.read.1.tlog
c:\users\dell\documents\github\ppqvsion\记录视觉结果v3\debug\link.5780.write.1.tlog
c:\users\dell\documents\github\ppqvsion\记录视觉结果v3\debug\link.5828.read.1.tlog
c:\users\dell\documents\github\ppqvsion\记录视觉结果v3\debug\link.5828.write.1.tlog
c:\users\dell\documents\github\ppqvsion\记录视觉结果v3\debug\link.5900.read.1.tlog
c:\users\dell\documents\github\ppqvsion\记录视觉结果v3\debug\link.5900.write.1.tlog
c:\users\dell\documents\github\ppqvsion\记录视觉结果v3\debug\link.6128.read.1.tlog
c:\users\dell\documents\github\ppqvsion\记录视觉结果v3\debug\link.6128.write.1.tlog
c:\users\dell\documents\github\ppqvsion\记录视觉结果v3\debug\link.796.read.1.tlog
c:\users\dell\documents\github\ppqvsion\记录视觉结果v3\debug\link.796.write.1.tlog
c:\users\dell\documents\github\ppqvsion\记录视觉结果v3\debug\link.command.1.tlog
c:\users\dell\documents\github\ppqvsion\记录视觉结果v3\debug\link.read.1.tlog
c:\users\dell\documents\github\ppqvsion\记录视觉结果v3\debug\link.write.1.tlog
c:\users\dell\documents\github\ppqvsion\记录视觉结果v3\debug\mt.command.1.tlog
c:\users\dell\documents\github\ppqvsion\记录视觉结果v3\debug\mt.read.1.tlog
c:\users\dell\documents\github\ppqvsion\记录视觉结果v3\debug\mt.write.1.tlog
c:\users\dell\documents\github\ppqvsion\记录视觉结果v3\debug\ppq_sym.exe.intermediate.manifest
c:\users\dell\documents\github\ppqvsion\记录视觉结果v3\debug\ppq_sym.exe.manifest
c:\users\dell\documents\github\ppqvsion\记录视觉结果v3\debug\vc100.idb
c:\users\dell\documents\github\ppqvsion\记录视觉结果v3\debug\ppq_sym.pdb
c:\users\dell\documents\github\ppqvsion\记录视觉结果v3\debug\vc100.pdb
c:\users\dell\documents\github\ppqvsion\记录视觉结果v3\debug\ppq_sym.bsc
c:\users\dell\documents\github\ppqvsion\记录视觉结果v3\debug\cam3d.sbr
c:\users\dell\documents\github\ppqvsion\记录视觉结果v3\debug\camer.sbr
c:\users\dell\documents\github\ppqvsion\记录视觉结果v3\debug\crobotarm.sbr
c:\users\dell\documents\github\ppqvsion\记录视觉结果v3\debug\globlesrouce.sbr
c:\users\dell\documents\github\ppqvsion\记录视觉结果v3\debug\main.sbr
c:\users\dell\documents\github\ppqvsion\记录视觉结果v3\.\debug\ppq_sym.exe.manifest
c:\users\dell\documents\github\ppqvsion\记录视觉结果v3\.\debug\ppq_sym.exe
c:\users\dell\documents\github\ppqvsion\记录视觉结果v3\.\debug\ppq_sym.exe.intermediate.manifest
